# JRE version: OpenJDK Runtime Environment (8.0_152-b01) (build 1.8.0_152-release-1343-b01)
# Java VM: OpenJDK 64-Bit Server VM (25.152-b01 mixed mode windows-amd64 compressed oops)
Heap:
 PSYoungGen      total 288768K, used 256528K [0x00000000e0000000, 0x00000000f6580000, 0x0000000100000000)
  eden space 257536K, 87% used [0x00000000e0000000,0x00000000edc05bc0,0x00000000efb80000)
  from space 31232K, 99% used [0x00000000f4100000,0x00000000f5f7e7f8,0x00000000f5f80000)
  to   space 6144K, 0% used [0x00000000f5f80000,0x00000000f5f80000,0x00000000f6580000)
 ParOldGen       total 252928K, used 54743K [0x00000000a0000000, 0x00000000af700000, 0x00000000e0000000)
  object space 252928K, 21% used [0x00000000a0000000,0x00000000a3575da0,0x00000000af700000)
 Metaspace       used 91306K, capacity 96040K, committed 96216K, reserved 1132544K
  class space    used 11905K, capacity 12777K, committed 12800K, reserved 1048576K
GC Heap History (10 events):
Event: 14.002 GC heap before
{Heap before GC invocations=8 (full 2):
 PSYoungGen      total 272896K, used 255246K [0x00000000e0000000, 0x00000000f2e80000, 0x0000000100000000)
  eden space 262144K, 97% used [0x00000000e0000000,0x00000000ef943a40,0x00000000f0000000)
  from space 10752K, 0% used [0x00000000f0000000,0x00000000f0000000,0x00000000f0a80000)
  to   space 13824K, 0% used [0x00000000f2100000,0x00000000f2100000,0x00000000f2e80000)
 ParOldGen       total 160256K, used 17085K [0x00000000a0000000, 0x00000000a9c80000, 0x00000000e0000000)
  object space 160256K, 10% used [0x00000000a0000000,0x00000000a10af4e8,0x00000000a9c80000)
 Metaspace       used 57472K, capacity 58962K, committed 59028K, reserved 1099776K
  class space    used 7776K, capacity 8168K, committed 8192K, reserved 1048576K
Event: 14.027 GC heap after
Heap after GC invocations=8 (full 2):
 PSYoungGen      total 286208K, used 13812K [0x00000000e0000000, 0x00000000fb700000, 0x0000000100000000)
  eden space 272384K, 0% used [0x00000000e0000000,0x00000000e0000000,0x00000000f0a00000)
  from space 13824K, 99% used [0x00000000f2100000,0x00000000f2e7d0b0,0x00000000f2e80000)
  to   space 23552K, 0% used [0x00000000f0a00000,0x00000000f0a00000,0x00000000f2100000)
 ParOldGen       total 160256K, used 31678K [0x00000000a0000000, 0x00000000a9c80000, 0x00000000e0000000)
  object space 160256K, 19% used [0x00000000a0000000,0x00000000a1eefbb8,0x00000000a9c80000)
 Metaspace       used 57472K, capacity 58962K, committed 59028K, reserved 1099776K
  class space    used 7776K, capacity 8168K, committed 8192K, reserved 1048576K
}
Event: 14.027 GC heap before
{Heap before GC invocations=9 (full 3):
 PSYoungGen      total 286208K, used 13812K [0x00000000e0000000, 0x00000000fb700000, 0x0000000100000000)
  eden space 272384K, 0% used [0x00000000e0000000,0x00000000e0000000,0x00000000f0a00000)
  from space 13824K, 99% used [0x00000000f2100000,0x00000000f2e7d0b0,0x00000000f2e80000)
  to   space 23552K, 0% used [0x00000000f0a00000,0x00000000f0a00000,0x00000000f2100000)
 ParOldGen       total 160256K, used 31678K [0x00000000a0000000, 0x00000000a9c80000, 0x00000000e0000000)
  object space 160256K, 19% used [0x00000000a0000000,0x00000000a1eefbb8,0x00000000a9c80000)
 Metaspace       used 57472K, capacity 58962K, committed 59028K, reserved 1099776K
  class space    used 7776K, capacity 8168K, committed 8192K, reserved 1048576K
Event: 14.207 GC heap after
Heap after GC invocations=9 (full 3):
 PSYoungGen      total 286208K, used 0K [0x00000000e0000000, 0x00000000fb700000, 0x0000000100000000)
  eden space 272384K, 0% used [0x00000000e0000000,0x00000000e0000000,0x00000000f0a00000)
  from space 13824K, 0% used [0x00000000f2100000,0x00000000f2100000,0x00000000f2e80000)
  to   space 23552K, 0% used [0x00000000f0a00000,0x00000000f0a00000,0x00000000f2100000)
 ParOldGen       total 252928K, used 41499K [0x00000000a0000000, 0x00000000af700000, 0x00000000e0000000)
  object space 252928K, 16% used [0x00000000a0000000,0x00000000a2886c08,0x00000000af700000)
 Metaspace       used 57472K, capacity 58962K, committed 59028K, reserved 1099776K
  class space    used 7776K, capacity 8168K, committed 8192K, reserved 1048576K
}
Event: 20.966 GC heap before
{Heap before GC invocations=10 (full 3):
 PSYoungGen      total 286208K, used 272384K [0x00000000e0000000, 0x00000000fb700000, 0x0000000100000000)
  eden space 272384K, 100% used [0x00000000e0000000,0x00000000f0a00000,0x00000000f0a00000)
  from space 13824K, 0% used [0x00000000f2100000,0x00000000f2100000,0x00000000f2e80000)
  to   space 23552K, 0% used [0x00000000f0a00000,0x00000000f0a00000,0x00000000f2100000)
 ParOldGen       total 252928K, used 41499K [0x00000000a0000000, 0x00000000af700000, 0x00000000e0000000)
  object space 252928K, 16% used [0x00000000a0000000,0x00000000a2886c08,0x00000000af700000)
 Metaspace       used 66701K, capacity 68870K, committed 69080K, reserved 1110016K
  class space    used 8948K, capacity 9466K, committed 9472K, reserved 1048576K
Event: 20.983 GC heap after
Heap after GC invocations=10 (full 3):
 PSYoungGen      total 295936K, used 19679K [0x00000000e0000000, 0x00000000f7e00000, 0x0000000100000000)
  eden space 272384K, 0% used [0x00000000e0000000,0x00000000e0000000,0x00000000f0a00000)
  from space 23552K, 83% used [0x00000000f0a00000,0x00000000f1d37f70,0x00000000f2100000)
  to   space 25600K, 0% used [0x00000000f6500000,0x00000000f6500000,0x00000000f7e00000)
 ParOldGen       total 252928K, used 41507K [0x00000000a0000000, 0x00000000af700000, 0x00000000e0000000)
  object space 252928K, 16% used [0x00000000a0000000,0x00000000a2888c08,0x00000000af700000)
 Metaspace       used 66701K, capacity 68870K, committed 69080K, reserved 1110016K
  class space    used 8948K, capacity 9466K, committed 9472K, reserved 1048576K
}
Event: 7323.646 GC heap before
{Heap before GC invocations=11 (full 3):
 PSYoungGen      total 295936K, used 292063K [0x00000000e0000000, 0x00000000f7e00000, 0x0000000100000000)
  eden space 272384K, 100% used [0x00000000e0000000,0x00000000f0a00000,0x00000000f0a00000)
  from space 23552K, 83% used [0x00000000f0a00000,0x00000000f1d37f70,0x00000000f2100000)
  to   space 25600K, 0% used [0x00000000f6500000,0x00000000f6500000,0x00000000f7e00000)
 ParOldGen       total 252928K, used 41507K [0x00000000a0000000, 0x00000000af700000, 0x00000000e0000000)
  object space 252928K, 16% used [0x00000000a0000000,0x00000000a2888c08,0x00000000af700000)
 Metaspace       used 72424K, capacity 74854K, committed 75096K, reserved 1114112K
  class space    used 9447K, capacity 10016K, committed 10112K, reserved 1048576K
Event: 7323.691 GC heap after
Heap after GC invocations=11 (full 3):
 PSYoungGen      total 290304K, used 25593K [0x00000000e0000000, 0x00000000f7e00000, 0x0000000100000000)
  eden space 264704K, 0% used [0x00000000e0000000,0x00000000e0000000,0x00000000f0280000)
  from space 25600K, 99% used [0x00000000f6500000,0x00000000f7dfe528,0x00000000f7e00000)
  to   space 31232K, 0% used [0x00000000f4100000,0x00000000f4100000,0x00000000f5f80000)
 ParOldGen       total 252928K, used 46667K [0x00000000a0000000, 0x00000000af700000, 0x00000000e0000000)
  object space 252928K, 18% used [0x00000000a0000000,0x00000000a2d92de8,0x00000000af700000)
 Metaspace       used 72424K, capacity 74854K, committed 75096K, reserved 1114112K
  class space    used 9447K, capacity 10016K, committed 10112K, reserved 1048576K
}
Event: 7331.178 GC heap before
{Heap before GC invocations=12 (full 3):
 PSYoungGen      total 290304K, used 290297K [0x00000000e0000000, 0x00000000f7e00000, 0x0000000100000000)
  eden space 264704K, 100% used [0x00000000e0000000,0x00000000f0280000,0x00000000f0280000)
  from space 25600K, 99% used [0x00000000f6500000,0x00000000f7dfe528,0x00000000f7e00000)
  to   space 31232K, 0% used [0x00000000f4100000,0x00000000f4100000,0x00000000f5f80000)
 ParOldGen       total 252928K, used 46668K [0x00000000a0000000, 0x00000000af700000, 0x00000000e0000000)
  object space 252928K, 18% used [0x00000000a0000000,0x00000000a2d930f0,0x00000000af700000)
 Metaspace       used 85607K, capacity 88910K, committed 89048K, reserved 1126400K
  class space    used 11076K, capacity 11774K, committed 11776K, reserved 1048576K
Event: 7331.212 GC heap after
Heap after GC invocations=12 (full 3):
 PSYoungGen      total 288768K, used 31225K [0x00000000e0000000, 0x00000000f6580000, 0x0000000100000000)
  eden space 257536K, 0% used [0x00000000e0000000,0x00000000e0000000,0x00000000efb80000)
  from space 31232K, 99% used [0x00000000f4100000,0x00000000f5f7e7f8,0x00000000f5f80000)
  to   space 6144K, 0% used [0x00000000f5f80000,0x00000000f5f80000,0x00000000f6580000)
 ParOldGen       total 252928K, used 54743K [0x00000000a0000000, 0x00000000af700000, 0x00000000e0000000)
  object space 252928K, 21% used [0x00000000a0000000,0x00000000a3575da0,0x00000000af700000)
 Metaspace       used 85607K, capacity 88910K, committed 89048K, reserved 1126400K
  class space    used 11076K, capacity 11774K, committed 11776K, reserved 1048576K
}

