# JRE version: OpenJDK Runtime Environment (8.0_152-b01) (build 1.8.0_152-release-1343-b01)
# Java VM: OpenJDK 64-Bit Server VM (25.152-b01 mixed mode windows-amd64 compressed oops)
Heap:
 PSYoungGen      total 409088K, used 257205K [0x00000000e0000000, 0x0000000100000000, 0x0000000100000000)
  eden space 346112K, 56% used [0x00000000e0000000,0x00000000ebdafba0,0x00000000f5200000)
  from space 62976K, 99% used [0x00000000fc280000,0x00000000ffffda78,0x0000000100000000)
  to   space 89088K, 0% used [0x00000000f5200000,0x00000000f5200000,0x00000000fa900000)
 ParOldGen       total 395264K, used 121180K [0x00000000a0000000, 0x00000000b8200000, 0x00000000e0000000)
  object space 395264K, 30% used [0x00000000a0000000,0x00000000a76572d8,0x00000000b8200000)
 Metaspace       used 167594K, capacity 178412K, committed 178636K, reserved 1206272K
  class space    used 20667K, capacity 22500K, committed 22528K, reserved 1048576K
GC Heap History (10 events):
Event: 12395.861 GC heap before
{Heap before GC invocations=111 (full 5):
 PSYoungGen      total 420352K, used 392992K [0x00000000e0000000, 0x00000000fe300000, 0x0000000100000000)
  eden space 374784K, 100% used [0x00000000e0000000,0x00000000f6e00000,0x00000000f6e00000)
  from space 45568K, 39% used [0x00000000f6e00000,0x00000000f7fc80a8,0x00000000f9a80000)
  to   space 43520K, 0% used [0x00000000fb880000,0x00000000fb880000,0x00000000fe300000)
 ParOldGen       total 395264K, used 89386K [0x00000000a0000000, 0x00000000b8200000, 0x00000000e0000000)
  object space 395264K, 22% used [0x00000000a0000000,0x00000000a574abf8,0x00000000b8200000)
 Metaspace       used 141850K, capacity 150886K, committed 150988K, reserved 1181696K
  class space    used 17368K, capacity 18903K, committed 18944K, reserved 1048576K
Event: 12395.904 GC heap after
Heap after GC invocations=111 (full 5):
 PSYoungGen      total 438784K, used 43493K [0x00000000e0000000, 0x00000000fff80000, 0x0000000100000000)
  eden space 395264K, 0% used [0x00000000e0000000,0x00000000e0000000,0x00000000f8200000)
  from space 43520K, 99% used [0x00000000fb880000,0x00000000fe2f96f0,0x00000000fe300000)
  to   space 55808K, 0% used [0x00000000f8200000,0x00000000f8200000,0x00000000fb880000)
 ParOldGen       total 395264K, used 101314K [0x00000000a0000000, 0x00000000b8200000, 0x00000000e0000000)
  object space 395264K, 25% used [0x00000000a0000000,0x00000000a62f0940,0x00000000b8200000)
 Metaspace       used 141850K, capacity 150886K, committed 150988K, reserved 1181696K
  class space    used 17368K, capacity 18903K, committed 18944K, reserved 1048576K
}
Event: 12396.594 GC heap before
{Heap before GC invocations=112 (full 5):
 PSYoungGen      total 438784K, used 438533K [0x00000000e0000000, 0x00000000fff80000, 0x0000000100000000)
  eden space 395264K, 99% used [0x00000000e0000000,0x00000000f81c7dd0,0x00000000f8200000)
  from space 43520K, 99% used [0x00000000fb880000,0x00000000fe2f96f0,0x00000000fe300000)
  to   space 55808K, 0% used [0x00000000f8200000,0x00000000f8200000,0x00000000fb880000)
 ParOldGen       total 395264K, used 101314K [0x00000000a0000000, 0x00000000b8200000, 0x00000000e0000000)
  object space 395264K, 25% used [0x00000000a0000000,0x00000000a62f0940,0x00000000b8200000)
 Metaspace       used 142192K, capacity 151420K, committed 151628K, reserved 1181696K
  class space    used 17426K, capacity 18986K, committed 19072K, reserved 1048576K
Event: 12396.626 GC heap after
Heap after GC invocations=112 (full 5):
 PSYoungGen      total 451072K, used 40133K [0x00000000e0000000, 0x0000000100000000, 0x0000000100000000)
  eden space 395264K, 0% used [0x00000000e0000000,0x00000000e0000000,0x00000000f8200000)
  from space 55808K, 71% used [0x00000000f8200000,0x00000000fa9317f8,0x00000000fb880000)
  to   space 59904K, 0% used [0x00000000fc580000,0x00000000fc580000,0x0000000100000000)
 ParOldGen       total 395264K, used 101394K [0x00000000a0000000, 0x00000000b8200000, 0x00000000e0000000)
  object space 395264K, 25% used [0x00000000a0000000,0x00000000a6304940,0x00000000b8200000)
 Metaspace       used 142192K, capacity 151420K, committed 151628K, reserved 1181696K
  class space    used 17426K, capacity 18986K, committed 19072K, reserved 1048576K
}
Event: 12402.076 GC heap before
{Heap before GC invocations=113 (full 5):
 PSYoungGen      total 451072K, used 435397K [0x00000000e0000000, 0x0000000100000000, 0x0000000100000000)
  eden space 395264K, 100% used [0x00000000e0000000,0x00000000f8200000,0x00000000f8200000)
  from space 55808K, 71% used [0x00000000f8200000,0x00000000fa9317f8,0x00000000fb880000)
  to   space 59904K, 0% used [0x00000000fc580000,0x00000000fc580000,0x0000000100000000)
 ParOldGen       total 395264K, used 101394K [0x00000000a0000000, 0x00000000b8200000, 0x00000000e0000000)
  object space 395264K, 25% used [0x00000000a0000000,0x00000000a6304940,0x00000000b8200000)
 Metaspace       used 143509K, capacity 152902K, committed 153164K, reserved 1183744K
  class space    used 17604K, capacity 19187K, committed 19328K, reserved 1048576K
Event: 12402.103 GC heap after
Heap after GC invocations=113 (full 5):
 PSYoungGen      total 458240K, used 40151K [0x00000000e0000000, 0x0000000100000000, 0x0000000100000000)
  eden space 398336K, 0% used [0x00000000e0000000,0x00000000e0000000,0x00000000f8500000)
  from space 59904K, 67% used [0x00000000fc580000,0x00000000fecb5f58,0x0000000100000000)
  to   space 62976K, 0% used [0x00000000f8500000,0x00000000f8500000,0x00000000fc280000)
 ParOldGen       total 395264K, used 101482K [0x00000000a0000000, 0x00000000b8200000, 0x00000000e0000000)
  object space 395264K, 25% used [0x00000000a0000000,0x00000000a631a940,0x00000000b8200000)
 Metaspace       used 143509K, capacity 152902K, committed 153164K, reserved 1183744K
  class space    used 17604K, capacity 19187K, committed 19328K, reserved 1048576K
}
Event: 12551.772 GC heap before
{Heap before GC invocations=114 (full 5):
 PSYoungGen      total 458240K, used 438487K [0x00000000e0000000, 0x0000000100000000, 0x0000000100000000)
  eden space 398336K, 100% used [0x00000000e0000000,0x00000000f8500000,0x00000000f8500000)
  from space 59904K, 67% used [0x00000000fc580000,0x00000000fecb5f58,0x0000000100000000)
  to   space 62976K, 0% used [0x00000000f8500000,0x00000000f8500000,0x00000000fc280000)
 ParOldGen       total 395264K, used 101482K [0x00000000a0000000, 0x00000000b8200000, 0x00000000e0000000)
  object space 395264K, 25% used [0x00000000a0000000,0x00000000a631a940,0x00000000b8200000)
 Metaspace       used 158019K, capacity 168370K, committed 168524K, reserved 1196032K
  class space    used 19592K, capacity 21369K, committed 21376K, reserved 1048576K
Event: 12551.812 GC heap after
Heap after GC invocations=114 (full 5):
 PSYoungGen      total 461312K, used 62971K [0x00000000e0000000, 0x0000000100000000, 0x0000000100000000)
  eden space 398336K, 0% used [0x00000000e0000000,0x00000000e0000000,0x00000000f8500000)
  from space 62976K, 99% used [0x00000000f8500000,0x00000000fc27ec78,0x00000000fc280000)
  to   space 62976K, 0% used [0x00000000fc280000,0x00000000fc280000,0x0000000100000000)
 ParOldGen       total 395264K, used 107249K [0x00000000a0000000, 0x00000000b8200000, 0x00000000e0000000)
  object space 395264K, 27% used [0x00000000a0000000,0x00000000a68bc538,0x00000000b8200000)
 Metaspace       used 158019K, capacity 168370K, committed 168524K, reserved 1196032K
  class space    used 19592K, capacity 21369K, committed 21376K, reserved 1048576K
}
Event: 12566.740 GC heap before
{Heap before GC invocations=115 (full 5):
 PSYoungGen      total 461312K, used 461307K [0x00000000e0000000, 0x0000000100000000, 0x0000000100000000)
  eden space 398336K, 100% used [0x00000000e0000000,0x00000000f8500000,0x00000000f8500000)
  from space 62976K, 99% used [0x00000000f8500000,0x00000000fc27ec78,0x00000000fc280000)
  to   space 62976K, 0% used [0x00000000fc280000,0x00000000fc280000,0x0000000100000000)
 ParOldGen       total 395264K, used 107249K [0x00000000a0000000, 0x00000000b8200000, 0x00000000e0000000)
  object space 395264K, 27% used [0x00000000a0000000,0x00000000a68bc538,0x00000000b8200000)
 Metaspace       used 162195K, capacity 172630K, committed 172748K, reserved 1200128K
  class space    used 19930K, capacity 21711K, committed 21760K, reserved 1048576K
Event: 12566.793 GC heap after
Heap after GC invocations=115 (full 5):
 PSYoungGen      total 409088K, used 62966K [0x00000000e0000000, 0x0000000100000000, 0x0000000100000000)
  eden space 346112K, 0% used [0x00000000e0000000,0x00000000e0000000,0x00000000f5200000)
  from space 62976K, 99% used [0x00000000fc280000,0x00000000ffffda78,0x0000000100000000)
  to   space 89088K, 0% used [0x00000000f5200000,0x00000000f5200000,0x00000000fa900000)
 ParOldGen       total 395264K, used 121180K [0x00000000a0000000, 0x00000000b8200000, 0x00000000e0000000)
  object space 395264K, 30% used [0x00000000a0000000,0x00000000a76572d8,0x00000000b8200000)
 Metaspace       used 162195K, capacity 172630K, committed 172748K, reserved 1200128K
  class space    used 19930K, capacity 21711K, committed 21760K, reserved 1048576K
}

